<?xml version="1.0" encoding="UTF-8"?>
<!-- Generated by org.testng.reporters.JUnitReportReporter -->
<testsuite hostname="DESKTOP-MLD791A" failures="0" tests="1" name="cases.apppne" time="27.475" errors="0" timestamp="2023-09-12T23:19:02 EET" skipped="0">
  <testcase classname="cases.apppne" name="open_app" time="27.475"/>
  <system-out/>
</testsuite> <!-- cases.apppne -->
