<?xml version="1.0" encoding="UTF-8"?>
<!-- Generated by org.testng.reporters.JUnitReportReporter -->
<testsuite hostname="DESKTOP-MLD791A" failures="0" tests="5" name="cases.Class3" time="0.014" errors="0" timestamp="2023-09-25T22:45:22 EET" skipped="0">
  <testcase classname="cases.Class3" name="method1" time="0.002"/>
  <system-out/>
  <testcase classname="cases.Class3" name="method2" time="0.002"/>
  <system-out/>
  <testcase classname="cases.Class3" name="method3" time="0.004"/>
  <system-out/>
  <testcase classname="cases.Class3" name="method4" time="0.002"/>
  <system-out/>
  <testcase classname="cases.Class3" name="method5" time="0.004"/>
  <system-out/>
</testsuite> <!-- cases.Class3 -->
