<?xml version="1.0" encoding="UTF-8"?>
<!-- Generated by org.testng.reporters.JUnitReportReporter -->
<testsuite hostname="DESKTOP-MLD791A" failures="0" tests="5" name="cases.Class2" time="0.022" errors="0" timestamp="2023-09-25T22:45:22 EET" skipped="0">
  <testcase classname="cases.Class2" name="method1" time="0.011"/>
  <system-out/>
  <testcase classname="cases.Class2" name="method2" time="0.001"/>
  <system-out/>
  <testcase classname="cases.Class2" name="method3" time="0.005"/>
  <system-out/>
  <testcase classname="cases.Class2" name="method4" time="0.003"/>
  <system-out/>
  <testcase classname="cases.Class2" name="method5" time="0.002"/>
  <system-out/>
</testsuite> <!-- cases.Class2 -->
