<?xml version="1.0" encoding="UTF-8"?>
<!-- Generated by org.testng.reporters.JUnitReportReporter -->
<testsuite hostname="DESKTOP-MLD791A" failures="0" tests="5" name="cases.reg2" time="14.125" errors="0" timestamp="2023-10-01T23:10:47 EET" skipped="1">
  <testcase classname="cases.reg2" name="checking_the_registration_New_account_KSA_Store7" time="3.192"/>
  <system-out/>
  <testcase classname="cases.reg2" name="checking_the_registration_New_account_KSA_Store7" time="4.793"/>
  <system-out/>
  <testcase classname="cases.reg2" name="checking_the_registration_New_account_KSA_Store7" time="2.911"/>
  <system-out/>
  <testcase classname="cases.reg2" name="checking_the_registration_New_account_KSA_Store7" time="3.229"/>
  <system-out/>
  <testcase classname="cases.reg2" name="checking_the_registration_New_account_KSA_Store2">
    <skipped/>
  </testcase> <!-- checking_the_registration_New_account_KSA_Store2 -->
  <system-out/>
</testsuite> <!-- cases.reg2 -->
